[20-Sep-2022 18:19:12 Europe/Berlin] Hello, errors!
[20-Sep-2022 18:19:16 Europe/Berlin] Hello, errors!
[20-Sep-2022 18:57:03 Europe/Berlin] Hello, errors!
[20-Sep-2022 18:57:27 Europe/Berlin] Hello, errors!
[20-Sep-2022 18:57:32 Europe/Berlin] Hello, errors!
[20-Sep-2022 18:58:25 Europe/Berlin] Hello, errors!
[20-Sep-2022 18:59:13 Europe/Berlin] Hello, errors!
[20-Sep-2022 18:59:21 Europe/Berlin] Hello, errors!
[20-Sep-2022 19:00:08 Europe/Berlin] Hello, errors!
[20-Sep-2022 19:06:13 Europe/Berlin] Hello, errors!
[20-Sep-2022 19:06:20 Europe/Berlin] Hello, errors!
[20-Sep-2022 19:08:14 Europe/Berlin] Hello, errors!
[20-Sep-2022 19:08:39 Europe/Berlin] Hello, errors!
[20-Sep-2022 19:08:49 Europe/Berlin] Hello, errors!
[20-Sep-2022 19:08:54 Europe/Berlin] Hello, errors!
[20-Sep-2022 19:10:18 Europe/Berlin] Hello, errors!
[20-Sep-2022 19:20:36 Europe/Berlin] Hello, errors!
[20-Sep-2022 19:20:36 Europe/Berlin] PHP Deprecated:  rtrim(): Passing null to parameter #1 ($string) of type string is deprecated in C:\Users\FAMILIA\OneDrive\VSC-PHP\AppMVC\libs\app.php on line 8
[20-Sep-2022 19:20:36 Europe/Berlin] APP::construct-> no hay controlador especificado
[20-Sep-2022 19:20:36 Europe/Berlin] PHP Warning:  require_once(controllers/login.php): Failed to open stream: No such file or directory in C:\Users\FAMILIA\OneDrive\VSC-PHP\AppMVC\libs\app.php on line 21
[20-Sep-2022 19:20:36 Europe/Berlin] PHP Fatal error:  Uncaught Error: Failed opening required 'controllers/login.php' (include_path='C:\xampp\php\PEAR') in C:\Users\FAMILIA\OneDrive\VSC-PHP\AppMVC\libs\app.php:21
Stack trace:
#0 C:\Users\FAMILIA\OneDrive\VSC-PHP\AppMVC\index.php(18): App->__construct()
#1 {main}
  thrown in C:\Users\FAMILIA\OneDrive\VSC-PHP\AppMVC\libs\app.php on line 21
[20-Sep-2022 19:33:03 Europe/Berlin] Hello, errors!
[20-Sep-2022 19:33:05 Europe/Berlin] PHP Deprecated:  rtrim(): Passing null to parameter #1 ($string) of type string is deprecated in C:\Users\FAMILIA\OneDrive\VSC-PHP\AppMVC\libs\app.php on line 8
[20-Sep-2022 19:33:05 Europe/Berlin] PHP Stack trace:
[20-Sep-2022 19:33:05 Europe/Berlin] PHP   1. {main}() C:\Users\FAMILIA\OneDrive\VSC-PHP\AppMVC\index.php:0
[20-Sep-2022 19:33:05 Europe/Berlin] PHP   2. App->__construct() C:\Users\FAMILIA\OneDrive\VSC-PHP\AppMVC\index.php:18
[20-Sep-2022 19:33:05 Europe/Berlin] PHP   3. rtrim($string = NULL, $characters = '/') C:\Users\FAMILIA\OneDrive\VSC-PHP\AppMVC\libs\app.php:8
[20-Sep-2022 19:33:05 Europe/Berlin] APP::construct-> no hay controlador especificado
[20-Sep-2022 19:33:05 Europe/Berlin] PHP Fatal error:  Uncaught Error: Class "Login" not found in C:\Users\FAMILIA\OneDrive\VSC-PHP\AppMVC\libs\app.php:23
Stack trace:
#0 C:\Users\FAMILIA\OneDrive\VSC-PHP\AppMVC\index.php(18): App->__construct()
#1 {main}
  thrown in C:\Users\FAMILIA\OneDrive\VSC-PHP\AppMVC\libs\app.php on line 23
[20-Sep-2022 19:33:10 Europe/Berlin] Hello, errors!
[20-Sep-2022 19:33:17 Europe/Berlin] PHP Deprecated:  rtrim(): Passing null to parameter #1 ($string) of type string is deprecated in C:\Users\FAMILIA\OneDrive\VSC-PHP\AppMVC\libs\app.php on line 8
[20-Sep-2022 19:33:17 Europe/Berlin] PHP Stack trace:
[20-Sep-2022 19:33:17 Europe/Berlin] PHP   1. {main}() C:\Users\FAMILIA\OneDrive\VSC-PHP\AppMVC\index.php:0
[20-Sep-2022 19:33:17 Europe/Berlin] PHP   2. App->__construct() C:\Users\FAMILIA\OneDrive\VSC-PHP\AppMVC\index.php:18
[20-Sep-2022 19:33:17 Europe/Berlin] PHP   3. rtrim($string = NULL, $characters = '/') C:\Users\FAMILIA\OneDrive\VSC-PHP\AppMVC\libs\app.php:8
[20-Sep-2022 19:33:58 Europe/Berlin] APP::construct-> no hay controlador especificado
[20-Sep-2022 19:34:04 Europe/Berlin] PHP Fatal error:  Uncaught Error: Class "Login" not found in C:\Users\FAMILIA\OneDrive\VSC-PHP\AppMVC\libs\app.php:23
Stack trace:
#0 C:\Users\FAMILIA\OneDrive\VSC-PHP\AppMVC\index.php(18): App->__construct()
#1 {main}
  thrown in C:\Users\FAMILIA\OneDrive\VSC-PHP\AppMVC\libs\app.php on line 23
[20-Sep-2022 19:34:33 Europe/Berlin] Hello, errors!
[20-Sep-2022 19:34:33 Europe/Berlin] PHP Deprecated:  rtrim(): Passing null to parameter #1 ($string) of type string is deprecated in C:\Users\FAMILIA\OneDrive\VSC-PHP\AppMVC\libs\app.php on line 8
[20-Sep-2022 19:34:33 Europe/Berlin] APP::construct-> no hay controlador especificado
[20-Sep-2022 19:34:33 Europe/Berlin] PHP Fatal error:  Uncaught Error: Class "Login" not found in C:\Users\FAMILIA\OneDrive\VSC-PHP\AppMVC\libs\app.php:23
Stack trace:
#0 C:\Users\FAMILIA\OneDrive\VSC-PHP\AppMVC\index.php(18): App->__construct()
#1 {main}
  thrown in C:\Users\FAMILIA\OneDrive\VSC-PHP\AppMVC\libs\app.php on line 23
[20-Sep-2022 19:34:43 Europe/Berlin] Hello, errors!
[20-Sep-2022 19:34:43 Europe/Berlin] PHP Deprecated:  rtrim(): Passing null to parameter #1 ($string) of type string is deprecated in C:\Users\FAMILIA\OneDrive\VSC-PHP\AppMVC\libs\app.php on line 8
[20-Sep-2022 19:34:43 Europe/Berlin] APP::construct-> no hay controlador especificado
[20-Sep-2022 19:34:43 Europe/Berlin] PHP Fatal error:  Uncaught Error: Class "Login" not found in C:\Users\FAMILIA\OneDrive\VSC-PHP\AppMVC\libs\app.php:23
Stack trace:
#0 C:\Users\FAMILIA\OneDrive\VSC-PHP\AppMVC\index.php(18): App->__construct()
#1 {main}
  thrown in C:\Users\FAMILIA\OneDrive\VSC-PHP\AppMVC\libs\app.php on line 23
[20-Sep-2022 19:38:08 Europe/Berlin] Hello, errors!
[20-Sep-2022 19:38:08 Europe/Berlin] PHP Deprecated:  rtrim(): Passing null to parameter #1 ($string) of type string is deprecated in C:\Users\FAMILIA\OneDrive\VSC-PHP\AppMVC\libs\app.php on line 8
[20-Sep-2022 19:38:08 Europe/Berlin] APP::construct-> no hay controlador especificado
[20-Sep-2022 19:38:08 Europe/Berlin] PHP Fatal error:  Uncaught Error: Class "Login" not found in C:\Users\FAMILIA\OneDrive\VSC-PHP\AppMVC\libs\app.php:23
Stack trace:
#0 C:\Users\FAMILIA\OneDrive\VSC-PHP\AppMVC\index.php(18): App->__construct()
#1 {main}
  thrown in C:\Users\FAMILIA\OneDrive\VSC-PHP\AppMVC\libs\app.php on line 23
[20-Sep-2022 19:38:47 Europe/Berlin] Hello, errors!
[20-Sep-2022 19:38:47 Europe/Berlin] PHP Deprecated:  rtrim(): Passing null to parameter #1 ($string) of type string is deprecated in C:\Users\FAMILIA\OneDrive\VSC-PHP\AppMVC\libs\app.php on line 8
[20-Sep-2022 19:38:47 Europe/Berlin] APP::construct-> no hay controlador especificado
[20-Sep-2022 19:38:47 Europe/Berlin] PHP Fatal error:  Uncaught Error: Class "Login" not found in C:\Users\FAMILIA\OneDrive\VSC-PHP\AppMVC\libs\app.php:23
Stack trace:
#0 C:\Users\FAMILIA\OneDrive\VSC-PHP\AppMVC\index.php(18): App->__construct()
#1 {main}
  thrown in C:\Users\FAMILIA\OneDrive\VSC-PHP\AppMVC\libs\app.php on line 23
[20-Sep-2022 19:46:23 Europe/Berlin] Hello, errors!
[20-Sep-2022 19:46:23 Europe/Berlin] PHP Deprecated:  rtrim(): Passing null to parameter #1 ($string) of type string is deprecated in C:\Users\FAMILIA\OneDrive\VSC-PHP\AppMVC\libs\app.php on line 8
[20-Sep-2022 19:46:23 Europe/Berlin] APP::construct-> no hay controlador especificado
[20-Sep-2022 19:46:23 Europe/Berlin] Login::construct -> inicio de login
[21-Sep-2022 11:26:56 Europe/Berlin] Hello, errors!
[21-Sep-2022 11:26:56 Europe/Berlin] PHP Deprecated:  rtrim(): Passing null to parameter #1 ($string) of type string is deprecated in C:\Users\Familia\OneDrive\VSC-PHP\AppMVC\libs\app.php on line 8
[21-Sep-2022 11:26:56 Europe/Berlin] APP::construct-> no hay controlador especificado
[21-Sep-2022 11:26:56 Europe/Berlin] Login::construct -> inicio de login
[21-Sep-2022 12:42:24 Europe/Berlin] Hello, errors!
[21-Sep-2022 12:42:49 Europe/Berlin] PHP Deprecated:  rtrim(): Passing null to parameter #1 ($string) of type string is deprecated in C:\Users\Familia\OneDrive\VSC-PHP\AppMVC\libs\app.php on line 8
[21-Sep-2022 12:42:49 Europe/Berlin] PHP Stack trace:
[21-Sep-2022 12:42:49 Europe/Berlin] PHP   1. {main}() C:\Users\Familia\OneDrive\VSC-PHP\AppMVC\index.php:0
[21-Sep-2022 12:42:49 Europe/Berlin] PHP   2. App->__construct() C:\Users\Familia\OneDrive\VSC-PHP\AppMVC\index.php:17
[21-Sep-2022 12:42:49 Europe/Berlin] PHP   3. rtrim($string = NULL, $characters = '/') C:\Users\Familia\OneDrive\VSC-PHP\AppMVC\libs\app.php:8
[21-Sep-2022 12:43:52 Europe/Berlin] Hello, errors!
[21-Sep-2022 12:43:58 Europe/Berlin] PHP Deprecated:  rtrim(): Passing null to parameter #1 ($string) of type string is deprecated in C:\Users\Familia\OneDrive\VSC-PHP\AppMVC\libs\app.php on line 8
[21-Sep-2022 12:43:58 Europe/Berlin] PHP Stack trace:
[21-Sep-2022 12:43:58 Europe/Berlin] PHP   1. {main}() C:\Users\Familia\OneDrive\VSC-PHP\AppMVC\index.php:0
[21-Sep-2022 12:43:58 Europe/Berlin] PHP   2. App->__construct() C:\Users\Familia\OneDrive\VSC-PHP\AppMVC\index.php:17
[21-Sep-2022 12:43:58 Europe/Berlin] PHP   3. rtrim($string = NULL, $characters = '/') C:\Users\Familia\OneDrive\VSC-PHP\AppMVC\libs\app.php:8
[21-Sep-2022 12:44:27 Europe/Berlin] APP::construct-> no hay controlador especificado
[21-Sep-2022 12:44:30 Europe/Berlin] Login::construct -> inicio de login
[21-Sep-2022 12:44:32 Europe/Berlin] PHP Fatal error:  Uncaught Error: Call to undefined method Login::loadModel() in C:\Users\Familia\OneDrive\VSC-PHP\AppMVC\libs\app.php:25
Stack trace:
#0 C:\Users\Familia\OneDrive\VSC-PHP\AppMVC\index.php(17): App->__construct()
#1 {main}
  thrown in C:\Users\Familia\OneDrive\VSC-PHP\AppMVC\libs\app.php on line 25
